c:\users\parth\onedrive\desktop\visualization\final project\assignment6\skeleton2017_new_zip\glui\debug\glui.pdb
c:\users\parth\onedrive\desktop\visualization\final project\assignment6\skeleton2017_new_zip\glui\debug\glui.idb
c:\users\parth\onedrive\desktop\visualization\final project\assignment6\skeleton2017_new_zip\glui\debug\glui_rotation.obj
c:\users\parth\onedrive\desktop\visualization\final project\assignment6\skeleton2017_new_zip\glui\debug\glui_rollout.obj
c:\users\parth\onedrive\desktop\visualization\final project\assignment6\skeleton2017_new_zip\glui\debug\glui_radio.obj
c:\users\parth\onedrive\desktop\visualization\final project\assignment6\skeleton2017_new_zip\glui\debug\glui_panel.obj
c:\users\parth\onedrive\desktop\visualization\final project\assignment6\skeleton2017_new_zip\glui\debug\glui_node.obj
c:\users\parth\onedrive\desktop\visualization\final project\assignment6\skeleton2017_new_zip\glui\debug\glui_mouse_iaction.obj
c:\users\parth\onedrive\desktop\visualization\final project\assignment6\skeleton2017_new_zip\glui\debug\glui_listbox.obj
c:\users\parth\onedrive\desktop\visualization\final project\assignment6\skeleton2017_new_zip\glui\debug\glui_list.obj
c:\users\parth\onedrive\desktop\visualization\final project\assignment6\skeleton2017_new_zip\glui\debug\glui_filebrowser.obj
c:\users\parth\onedrive\desktop\visualization\final project\assignment6\skeleton2017_new_zip\glui\debug\glui_edittext.obj
c:\users\parth\onedrive\desktop\visualization\final project\assignment6\skeleton2017_new_zip\glui\debug\glui_control.obj
c:\users\parth\onedrive\desktop\visualization\final project\assignment6\skeleton2017_new_zip\glui\debug\glui_commandline.obj
c:\users\parth\onedrive\desktop\visualization\final project\assignment6\skeleton2017_new_zip\glui\debug\glui_column.obj
c:\users\parth\onedrive\desktop\visualization\final project\assignment6\skeleton2017_new_zip\glui\debug\glui_checkbox.obj
c:\users\parth\onedrive\desktop\visualization\final project\assignment6\skeleton2017_new_zip\glui\debug\glui_button.obj
c:\users\parth\onedrive\desktop\visualization\final project\assignment6\skeleton2017_new_zip\glui\debug\glui_bitmaps.obj
c:\users\parth\onedrive\desktop\visualization\final project\assignment6\skeleton2017_new_zip\glui\debug\glui_add_controls.obj
c:\users\parth\onedrive\desktop\visualization\final project\assignment6\skeleton2017_new_zip\glui\debug\glui.obj
c:\users\parth\onedrive\desktop\visualization\final project\assignment6\skeleton2017_new_zip\glui\debug\arcball.obj
c:\users\parth\onedrive\desktop\visualization\final project\assignment6\skeleton2017_new_zip\glui\debug\algebra3.obj
c:\users\parth\onedrive\desktop\visualization\final project\assignment6\skeleton2017_new_zip\glui\debug\viewmodel.obj
c:\users\parth\onedrive\desktop\visualization\final project\assignment6\skeleton2017_new_zip\glui\debug\quaternion.obj
c:\users\parth\onedrive\desktop\visualization\final project\assignment6\skeleton2017_new_zip\glui\debug\glui_window.obj
c:\users\parth\onedrive\desktop\visualization\final project\assignment6\skeleton2017_new_zip\glui\debug\glui_treepanel.obj
c:\users\parth\onedrive\desktop\visualization\final project\assignment6\skeleton2017_new_zip\glui\debug\glui_tree.obj
c:\users\parth\onedrive\desktop\visualization\final project\assignment6\skeleton2017_new_zip\glui\debug\glui_translation.obj
c:\users\parth\onedrive\desktop\visualization\final project\assignment6\skeleton2017_new_zip\glui\debug\glui_textbox.obj
c:\users\parth\onedrive\desktop\visualization\final project\assignment6\skeleton2017_new_zip\glui\debug\glui_statictext.obj
c:\users\parth\onedrive\desktop\visualization\final project\assignment6\skeleton2017_new_zip\glui\debug\glui_spinner.obj
c:\users\parth\onedrive\desktop\visualization\final project\assignment6\skeleton2017_new_zip\glui\debug\glui_separator.obj
c:\users\parth\onedrive\desktop\visualization\final project\assignment6\skeleton2017_new_zip\glui\debug\glui_scrollbar.obj
c:\users\parth\onedrive\desktop\visualization\final project\assignment6\skeleton2017_new_zip\glui\debug\glui_img_spinup_dis.obj
c:\users\parth\onedrive\desktop\visualization\final project\assignment6\skeleton2017_new_zip\glui\debug\glui_img_spinup_1.obj
c:\users\parth\onedrive\desktop\visualization\final project\assignment6\skeleton2017_new_zip\glui\debug\glui_img_spinup_0.obj
c:\users\parth\onedrive\desktop\visualization\final project\assignment6\skeleton2017_new_zip\glui\debug\glui_img_spindown_dis.obj
c:\users\parth\onedrive\desktop\visualization\final project\assignment6\skeleton2017_new_zip\glui\debug\glui_img_spindown_1.obj
c:\users\parth\onedrive\desktop\visualization\final project\assignment6\skeleton2017_new_zip\glui\debug\glui_img_spindown_0.obj
c:\users\parth\onedrive\desktop\visualization\final project\assignment6\skeleton2017_new_zip\glui\debug\glui_img_rightarrow.obj
c:\users\parth\onedrive\desktop\visualization\final project\assignment6\skeleton2017_new_zip\glui\debug\glui_img_radiobutton_1_dis.obj
c:\users\parth\onedrive\desktop\visualization\final project\assignment6\skeleton2017_new_zip\glui\debug\glui_img_radiobutton_1.obj
c:\users\parth\onedrive\desktop\visualization\final project\assignment6\skeleton2017_new_zip\glui\debug\glui_img_radiobutton_0_dis.obj
c:\users\parth\onedrive\desktop\visualization\final project\assignment6\skeleton2017_new_zip\glui\debug\glui_img_radiobutton_0.obj
c:\users\parth\onedrive\desktop\visualization\final project\assignment6\skeleton2017_new_zip\glui\debug\glui_img_listbox_up_dis.obj
c:\users\parth\onedrive\desktop\visualization\final project\assignment6\skeleton2017_new_zip\glui\debug\glui_img_listbox_up.obj
c:\users\parth\onedrive\desktop\visualization\final project\assignment6\skeleton2017_new_zip\glui\debug\glui_img_listbox_down.obj
c:\users\parth\onedrive\desktop\visualization\final project\assignment6\skeleton2017_new_zip\glui\debug\glui_img_leftarrow.obj
c:\users\parth\onedrive\desktop\visualization\final project\assignment6\skeleton2017_new_zip\glui\debug\glui_img_downarrow.obj
c:\users\parth\onedrive\desktop\visualization\final project\assignment6\skeleton2017_new_zip\glui\debug\glui_img_checkbox_1_dis.obj
c:\users\parth\onedrive\desktop\visualization\final project\assignment6\skeleton2017_new_zip\glui\debug\glui_img_checkbox_1.obj
c:\users\parth\onedrive\desktop\visualization\final project\assignment6\skeleton2017_new_zip\glui\debug\glui_img_checkbox_0_dis.obj
c:\users\parth\onedrive\desktop\visualization\final project\assignment6\skeleton2017_new_zip\glui\debug\glui_img_checkbox_0.obj
c:\users\parth\onedrive\desktop\visualization\final project\assignment6\skeleton2017_new_zip\glui\debug\glui_img_uparrow.obj
c:\users\parth\onedrive\desktop\visualization\final project\assignment6\skeleton2017_new_zip\debug\glui.lib
c:\users\parth\onedrive\desktop\visualization\final project\assignment6\skeleton2017_new_zip\debug\glui.pdb
c:\users\parth\onedrive\desktop\visualization\final project\assignment6\skeleton2017_new_zip\glui\debug\glui.tlog\cl.command.1.tlog
c:\users\parth\onedrive\desktop\visualization\final project\assignment6\skeleton2017_new_zip\glui\debug\glui.tlog\cl.read.1.tlog
c:\users\parth\onedrive\desktop\visualization\final project\assignment6\skeleton2017_new_zip\glui\debug\glui.tlog\cl.write.1.tlog
c:\users\parth\onedrive\desktop\visualization\final project\assignment6\skeleton2017_new_zip\glui\debug\glui.tlog\lib-link.read.1.tlog
c:\users\parth\onedrive\desktop\visualization\final project\assignment6\skeleton2017_new_zip\glui\debug\glui.tlog\lib-link.write.1.tlog
c:\users\parth\onedrive\desktop\visualization\final project\assignment6\skeleton2017_new_zip\glui\debug\glui.tlog\lib.command.1.tlog
